2017-05-11 18:21:50,197 WARNING: 客服推送失败: {'errmsg': 'invalid credential, access_token is invalid or not latest hint: [8UDpVa0110sz12!]', 'errcode': 40001}
推送内容：{'touser': 'oApGExFBMSuX7JogXTMYdj9SGlyg', 'music': {'musicurl': 'http://mr1.doubanio.com/9c94f365df5cfb0fed9bc43b50cfb6d0/0/fm/song/p570_128k.mp4', 'thumb_media_id': 'bad_N1NZTEv_2maH7LQ6CJ8ZBCjrB6AAroHPzCIzGro', 'description': 'Angizia-建议WiFi下播放', 'hqmusicurl': 'http://mr1.doubanio.com/9c94f365df5cfb0fed9bc43b50cfb6d0/0/fm/song/p570_128k.mp4', 'title': 'Komik Und Elegische Momente'}, 'msgtype': 'music'}[in /media/kepler/Share/workspaces/wechat/app/wechat/func_plugins/wechat_custom.py:78]
2017-05-11 18:21:50,762 WARNING: 运行update_wechat_token结束[in /media/kepler/Share/workspaces/wechat/app/wechat/utils.py:136]
2017-05-11 19:49:42,404 WARNING: 获取用户信息出错, 错误信息:{'tagid_list': [], 'openid': 'oApGExFBMSuX7JogXTMYdj9SGlyg', 'subscribe': 0}[in /media/kepler/Share/workspaces/wechat/app/wechat/models/__init__.py:40]
2017-05-12 00:23:11,767 WARNING: 豆瓣FM请求或解析失败: list index out of range[in /media/kepler/Share/workspaces/wechat/app/wechat/func_plugins/music.py:21]
2017-05-12 11:32:12,905 WARNING: 外网查询出错：HTTPConnectionPool(host='bkjw2.guet.edu.cn', port=80): Max retries exceeded with url: /student/public/login.asp (Caused by ConnectTimeoutError(<requests.packages.urllib3.connection.HTTPConnection object at 0x7f348a600278>, 'Connection to bkjw2.guet.edu.cn timed out. (connect timeout=5)'))[in /media/kepler/Share/workspaces/wechat/app/wechat/func_plugins/score.py:45]
2017-05-12 11:32:12,917 WARNING: 内网查询出错：'SHOOL_LAN_PROXIES'[in /media/kepler/Share/workspaces/wechat/app/wechat/func_plugins/score.py:53]
2017-05-12 11:32:19,766 WARNING: 外网查询出错：HTTPConnectionPool(host='bkjw2.guet.edu.cn', port=80): Max retries exceeded with url: /student/public/login.asp (Caused by ConnectTimeoutError(<requests.packages.urllib3.connection.HTTPConnection object at 0x7f348a600048>, 'Connection to bkjw2.guet.edu.cn timed out. (connect timeout=5)'))[in /media/kepler/Share/workspaces/wechat/app/wechat/func_plugins/score.py:45]
2017-05-12 11:32:19,767 WARNING: 内网查询出错：'SHOOL_LAN_PROXIES'[in /media/kepler/Share/workspaces/wechat/app/wechat/func_plugins/score.py:53]
2017-05-12 11:32:25,364 WARNING: 外网查询出错：HTTPConnectionPool(host='bkjw2.guet.edu.cn', port=80): Max retries exceeded with url: /student/public/login.asp (Caused by ConnectTimeoutError(<requests.packages.urllib3.connection.HTTPConnection object at 0x7f348a5b50f0>, 'Connection to bkjw2.guet.edu.cn timed out. (connect timeout=5)'))[in /media/kepler/Share/workspaces/wechat/app/wechat/func_plugins/score.py:45]
2017-05-12 11:32:25,365 WARNING: 内网查询出错：'SHOOL_LAN_PROXIES'[in /media/kepler/Share/workspaces/wechat/app/wechat/func_plugins/score.py:53]
2017-05-12 11:32:30,987 WARNING: 外网查询出错：HTTPConnectionPool(host='bkjw2.guet.edu.cn', port=80): Max retries exceeded with url: /student/public/login.asp (Caused by ConnectTimeoutError(<requests.packages.urllib3.connection.HTTPConnection object at 0x7f348a5e27f0>, 'Connection to bkjw2.guet.edu.cn timed out. (connect timeout=5)'))[in /media/kepler/Share/workspaces/wechat/app/wechat/func_plugins/score.py:45]
2017-05-12 11:32:30,988 WARNING: 内网查询出错：'SHOOL_LAN_PROXIES'[in /media/kepler/Share/workspaces/wechat/app/wechat/func_plugins/score.py:53]
2017-05-12 11:32:36,618 WARNING: 外网查询出错：HTTPConnectionPool(host='bkjw2.guet.edu.cn', port=80): Max retries exceeded with url: /student/public/login.asp (Caused by ConnectTimeoutError(<requests.packages.urllib3.connection.HTTPConnection object at 0x7f348a5b50b8>, 'Connection to bkjw2.guet.edu.cn timed out. (connect timeout=5)'))[in /media/kepler/Share/workspaces/wechat/app/wechat/func_plugins/score.py:45]
2017-05-12 11:32:36,619 WARNING: 内网查询出错：'SHOOL_LAN_PROXIES'[in /media/kepler/Share/workspaces/wechat/app/wechat/func_plugins/score.py:53]
2017-05-12 11:32:42,253 WARNING: 外网查询出错：HTTPConnectionPool(host='bkjw2.guet.edu.cn', port=80): Max retries exceeded with url: /student/public/login.asp (Caused by ConnectTimeoutError(<requests.packages.urllib3.connection.HTTPConnection object at 0x7f348a5be6d8>, 'Connection to bkjw2.guet.edu.cn timed out. (connect timeout=5)'))[in /media/kepler/Share/workspaces/wechat/app/wechat/func_plugins/score.py:45]
2017-05-12 11:32:43,556 WARNING: 内网查询出错：'SHOOL_LAN_PROXIES'[in /media/kepler/Share/workspaces/wechat/app/wechat/func_plugins/score.py:53]
2017-05-12 13:40:27,183 WARNING: 外网查询出错：HTTPConnectionPool(host='bkjw2.guet.edu.cn', port=80): Max retries exceeded with url: /student/public/login.asp (Caused by ConnectTimeoutError(<requests.packages.urllib3.connection.HTTPConnection object at 0x7f01e7141ba8>, 'Connection to bkjw2.guet.edu.cn timed out. (connect timeout=5)'))[in /media/kepler/Share/workspaces/wechat/app/wechat/func_plugins/score.py:45]
2017-05-12 13:40:27,184 WARNING: 内网查询出错：'SHOOL_LAN_PROXIES'[in /media/kepler/Share/workspaces/wechat/app/wechat/func_plugins/score.py:53]
2017-05-12 13:40:33,500 WARNING: 登录成功，但是在校成绩查询或解析出错：HTTPConnectionPool(host='bkjw2.guet.edu.cn', port=80): Max retries exceeded with url: /student/Score.asp (Caused by ConnectTimeoutError(<requests.packages.urllib3.connection.HTTPConnection object at 0x7f01e7121f60>, 'Connection to bkjw2.guet.edu.cn timed out. (connect timeout=5)')),http://bkjw2.guet.edu.cn/student/Score.asp[in /media/kepler/Share/workspaces/wechat/app/wechat/func_plugins/score.py:86]
2017-05-12 13:43:31,138 WARNING: 豆瓣FM请求或解析失败: list index out of range[in /media/kepler/Share/workspaces/wechat/app/wechat/func_plugins/music.py:21]
2017-05-12 13:43:32,329 WARNING: 客服推送失败: {'errcode': 40001, 'errmsg': 'invalid credential, access_token is invalid or not latest hint: [v_0QAA0812sz12!]'}
推送内容：{'msgtype': 'music', 'touser': 'oApGExFBMSuX7JogXTMYdj9SGlyg', 'music': {'title': 'Think Some More', 'thumb_media_id': 'bad_N1NZTEv_2maH7LQ6CJ8ZBCjrB6AAroHPzCIzGro', 'hqmusicurl': 'http://mr3.doubanio.com/7f9c5dfe9652ab8b0dcf038f0843b346/0/fm/song/p634_128k.mp4', 'description': 'Antrabata-建议WiFi下播放', 'musicurl': 'http://mr3.doubanio.com/7f9c5dfe9652ab8b0dcf038f0843b346/0/fm/song/p634_128k.mp4'}}[in /media/kepler/Share/workspaces/wechat/app/wechat/func_plugins/wechat_custom.py:78]
2017-05-12 13:43:32,893 WARNING: 运行update_wechat_token结束[in /media/kepler/Share/workspaces/wechat/app/wechat/utils.py:135]
2017-05-12 13:44:34,391 WARNING: 豆瓣FM请求或解析失败: list index out of range[in /media/kepler/Share/workspaces/wechat/app/wechat/func_plugins/music.py:21]
2017-05-12 13:45:41,402 WARNING: 豆瓣FM请求或解析失败: list index out of range[in /media/kepler/Share/workspaces/wechat/app/wechat/func_plugins/music.py:21]
2017-05-12 13:45:42,414 WARNING: 豆瓣FM请求或解析失败: list index out of range[in /media/kepler/Share/workspaces/wechat/app/wechat/func_plugins/music.py:21]
2017-05-12 13:45:43,651 WARNING: 客服推送失败: {'errcode': 40001, 'errmsg': 'invalid credential, access_token is invalid or not latest hint: [2_6gaA0943sz12!]'}
推送内容：{'msgtype': 'music', 'touser': 'oApGExFBMSuX7JogXTMYdj9SGlyg', 'music': {'title': 'Anon', 'thumb_media_id': 'bad_N1NZTEv_2maH7LQ6CJ8ZBCjrB6AAroHPzCIzGro', 'hqmusicurl': 'http://mr3.doubanio.com/a01f86d71569f0cffa4259a95c8405f2/0/fm/song/p375_128k.mp4', 'description': 'Alias / Tarsier-建议WiFi下播放', 'musicurl': 'http://mr3.doubanio.com/a01f86d71569f0cffa4259a95c8405f2/0/fm/song/p375_128k.mp4'}}[in /media/kepler/Share/workspaces/wechat/app/wechat/func_plugins/wechat_custom.py:78]
2017-05-12 13:45:44,138 WARNING: 运行update_wechat_token结束[in /media/kepler/Share/workspaces/wechat/app/wechat/utils.py:135]
